<?xml version="1.0" encoding="UTF-8"?>
<!-- Generated by org.testng.reporters.JUnitReportReporter -->
<testsuite hostname="AKKI" failures="0" tests="4" name="TestCases.KeywordsInFramework_Groups" time="22.143" errors="0" timestamp="2022-06-18T20:22:38 IST" skipped="0">
  <testcase classname="TestCases.KeywordsInFramework_Groups" name="verifyTitleTest" time="3.915"/>
  <system-out/>
  <testcase classname="TestCases.KeywordsInFramework_Groups" name="verifyzerodhaLogoTest" time="4.273"/>
  <system-out/>
  <testcase classname="TestCases.KeywordsInFramework_Groups" name="verifykiteLogoTest" time="4.425"/>
  <system-out/>
  <testcase classname="TestCases.KeywordsInFramework_Groups" name="loginToAppTest" time="9.530"/>
  <system-out/>
</testsuite> <!-- TestCases.KeywordsInFramework_Groups -->
