<?xml version="1.0" encoding="UTF-8"?>
<!-- Generated by org.testng.reporters.JUnitReportReporter -->
<testsuite hostname="AKKI" failures="0" tests="3" name="TestCases.Depends_On_Methods" time="30.692" errors="0" timestamp="2022-06-11T23:33:30 IST" skipped="2">
  <testcase classname="TestCases.Depends_On_Methods" name="placeGTTOrderTest" time="30.692"/>
  <system-out/>
  <testcase classname="TestCases.Depends_On_Methods" name="verifyusernameTest">
    <skipped/>
  </testcase> <!-- verifyusernameTest -->
  <system-out/>
  <testcase classname="TestCases.Depends_On_Methods" name="verifyemailTest">
    <skipped/>
  </testcase> <!-- verifyemailTest -->
  <system-out/>
</testsuite> <!-- TestCases.Depends_On_Methods -->
