<?xml version="1.0" encoding="UTF-8"?>
<!-- Generated by org.testng.reporters.JUnitReportReporter -->
<testsuite hostname="AKKI" failures="0" tests="4" name="TestCases.Failed_Xml_Program" time="23.622" errors="0" timestamp="2022-06-18T20:22:39 IST" skipped="0">
  <testcase classname="TestCases.Failed_Xml_Program" name="verifyTitleTest" time="8.501"/>
  <system-out/>
  <testcase classname="TestCases.Failed_Xml_Program" name="loginToAppTest" time="4.878"/>
  <system-out/>
  <testcase classname="TestCases.Failed_Xml_Program" name="verifykiteLogoTest" time="5.167"/>
  <system-out/>
  <testcase classname="TestCases.Failed_Xml_Program" name="verifyzerodhaLogoTest" time="5.076"/>
  <system-out/>
</testsuite> <!-- TestCases.Failed_Xml_Program -->
