<?xml version="1.0" encoding="UTF-8"?>
<!-- Generated by org.testng.reporters.JUnitReportReporter -->
<testsuite hostname="AKKI" failures="0" tests="11" name="TestCases.KeywordsInFramework_Invocation" time="51.637" errors="0" timestamp="2022-06-18T20:22:38 IST" skipped="0">
  <testcase classname="TestCases.KeywordsInFramework_Invocation" name="loginToAppTest" time="5.859"/>
  <system-out/>
  <testcase classname="TestCases.KeywordsInFramework_Invocation" name="verifyTitleTest" time="4.339"/>
  <system-out/>
  <testcase classname="TestCases.KeywordsInFramework_Invocation" name="verifykiteLogoTest" time="4.594"/>
  <system-out/>
  <testcase classname="TestCases.KeywordsInFramework_Invocation" name="verifyTitleTest" time="4.647"/>
  <system-out/>
  <testcase classname="TestCases.KeywordsInFramework_Invocation" name="verifyzerodhaLogoTest" time="4.221"/>
  <system-out/>
  <testcase classname="TestCases.KeywordsInFramework_Invocation" name="verifyTitleTest" time="4.210"/>
  <system-out/>
  <testcase classname="TestCases.KeywordsInFramework_Invocation" name="verifykiteLogoTest" time="4.997"/>
  <system-out/>
  <testcase classname="TestCases.KeywordsInFramework_Invocation" name="verifykiteLogoTest" time="4.636"/>
  <system-out/>
  <testcase classname="TestCases.KeywordsInFramework_Invocation" name="verifyzerodhaLogoTest" time="4.610"/>
  <system-out/>
  <testcase classname="TestCases.KeywordsInFramework_Invocation" name="verifykiteLogoTest" time="5.032"/>
  <system-out/>
  <testcase classname="TestCases.KeywordsInFramework_Invocation" name="verifykiteLogoTest" time="4.492"/>
  <system-out/>
</testsuite> <!-- TestCases.KeywordsInFramework_Invocation -->
