<?xml version="1.0" encoding="UTF-8"?>
<!-- Generated by org.testng.reporters.JUnitReportReporter -->
<testsuite hostname="AKKI" failures="0" tests="2" name="TestCases.Hard_OR_Soft_Assert_Program" time="0.008" errors="0" timestamp="2022-06-18T20:22:38 IST" skipped="1">
  <testcase classname="TestCases.Hard_OR_Soft_Assert_Program" name="soft_Assert" time="0.008"/>
  <system-out/>
  <testcase classname="TestCases.Hard_OR_Soft_Assert_Program" name="hard_Assert">
    <skipped/>
  </testcase> <!-- hard_Assert -->
  <system-out/>
</testsuite> <!-- TestCases.Hard_OR_Soft_Assert_Program -->
