<?xml version="1.0" encoding="UTF-8"?>
<!-- Generated by org.testng.reporters.JUnitReportReporter -->
<testsuite hostname="AKKI" failures="0" tests="4" name="TestCases.KeywordsInFramework_Priority" time="17.713" errors="0" timestamp="2022-06-18T20:22:38 IST" skipped="0">
  <testcase classname="TestCases.KeywordsInFramework_Priority" name="verifykiteLogoTest" time="4.325"/>
  <system-out/>
  <testcase classname="TestCases.KeywordsInFramework_Priority" name="loginToAppTest" time="4.962"/>
  <system-out/>
  <testcase classname="TestCases.KeywordsInFramework_Priority" name="verifyzerodhaLogoTest" time="4.215"/>
  <system-out/>
  <testcase classname="TestCases.KeywordsInFramework_Priority" name="verifyTitleTest" time="4.211"/>
  <system-out/>
</testsuite> <!-- TestCases.KeywordsInFramework_Priority -->
