<?xml version="1.0" encoding="UTF-8"?>
<!-- Generated by org.testng.reporters.JUnitReportReporter -->
<testsuite hostname="AKKI" failures="0" tests="4" name="TestCases.KeywordsInFramework_Depends_On_Methods" time="18.860" errors="0" timestamp="2022-06-18T20:22:38 IST" skipped="0">
  <testcase classname="TestCases.KeywordsInFramework_Depends_On_Methods" name="verifyzerodhaLogoTest" time="4.682"/>
  <system-out/>
  <testcase classname="TestCases.KeywordsInFramework_Depends_On_Methods" name="loginToAppTest" time="4.774"/>
  <system-out/>
  <testcase classname="TestCases.KeywordsInFramework_Depends_On_Methods" name="verifykiteLogoTest" time="4.531"/>
  <system-out/>
  <testcase classname="TestCases.KeywordsInFramework_Depends_On_Methods" name="verifyTitleTest" time="4.873"/>
  <system-out/>
</testsuite> <!-- TestCases.KeywordsInFramework_Depends_On_Methods -->
