<?xml version="1.0" encoding="UTF-8"?>
<!-- Generated by org.testng.reporters.JUnitReportReporter -->
<testsuite hostname="AKKI" failures="0" tests="3" name="TestCases.DashboardPageTest" time="10.674" errors="0" timestamp="2022-06-18T20:22:38 IST" skipped="2">
  <testcase classname="TestCases.DashboardPageTest" name="placeGTTOrderTest" time="10.674"/>
  <system-out/>
  <testcase classname="TestCases.DashboardPageTest" name="verifyemailTest">
    <skipped/>
  </testcase> <!-- verifyemailTest -->
  <system-out/>
  <testcase classname="TestCases.DashboardPageTest" name="verifyusernameTest">
    <skipped/>
  </testcase> <!-- verifyusernameTest -->
  <system-out/>
</testsuite> <!-- TestCases.DashboardPageTest -->
