<?xml version="1.0" encoding="UTF-8"?>
<!-- Generated by org.testng.reporters.JUnitReportReporter -->
<testsuite hostname="AKKI" failures="0" tests="4" name="TestCases.LoginPageTest" time="9.282" errors="0" timestamp="2022-06-18T20:22:39 IST" skipped="3">
  <testcase classname="TestCases.LoginPageTest" name="loginToAppTest" time="9.282"/>
  <system-out/>
  <testcase classname="TestCases.LoginPageTest" name="verifyTitleTest">
    <skipped/>
  </testcase> <!-- verifyTitleTest -->
  <system-out/>
  <testcase classname="TestCases.LoginPageTest" name="verifykiteLogoTest">
    <skipped/>
  </testcase> <!-- verifykiteLogoTest -->
  <system-out/>
  <testcase classname="TestCases.LoginPageTest" name="verifyzerodhaLogoTest">
    <skipped/>
  </testcase> <!-- verifyzerodhaLogoTest -->
  <system-out/>
</testsuite> <!-- TestCases.LoginPageTest -->
