<?xml version="1.0" encoding="UTF-8"?>
<!-- Generated by org.testng.reporters.JUnitReportReporter -->
<testsuite hostname="AKKI" failures="0" tests="3" name="TestCases.Parallel_Test" time="91.636" errors="0" timestamp="2022-06-18T22:02:18 IST" skipped="0">
  <testcase classname="TestCases.Parallel_Test" name="amazon" time="24.943"/>
  <system-out/>
  <testcase classname="TestCases.Parallel_Test" name="flipkart" time="42.343"/>
  <system-out/>
  <testcase classname="TestCases.Parallel_Test" name="fb" time="24.350"/>
  <system-out/>
</testsuite> <!-- TestCases.Parallel_Test -->
